2025-02-26T16:37:29.195+05:30  INFO 21344 --- [cg-EmployeePayrollApp] [main] c.b.k.c.CgEmployeePayrollAppApplication  : Starting CgEmployeePayrollAppApplication using Java 23.0.2 with PID 21344 (D:\cg-EmployeePayrollApp\target\classes started by hp in D:\cg-EmployeePayrollApp)
2025-02-26T16:37:29.198+05:30  INFO 21344 --- [cg-EmployeePayrollApp] [main] c.b.k.c.CgEmployeePayrollAppApplication  : No active profile set, falling back to 1 default profile: "default"
2025-02-26T16:37:30.650+05:30  INFO 21344 --- [cg-EmployeePayrollApp] [main] .s.d.r.c.RepositoryConfigurationDelegate : Bootstrapping Spring Data JPA repositories in DEFAULT mode.
2025-02-26T16:37:30.733+05:30  INFO 21344 --- [cg-EmployeePayrollApp] [main] .s.d.r.c.RepositoryConfigurationDelegate : Finished Spring Data repository scanning in 67 ms. Found 1 JPA repository interface.
2025-02-26T16:37:31.335+05:30  INFO 21344 --- [cg-EmployeePayrollApp] [main] o.s.b.w.embedded.tomcat.TomcatWebServer  : Tomcat initialized with port 8080 (http)
2025-02-26T16:37:31.356+05:30  INFO 21344 --- [cg-EmployeePayrollApp] [main] o.apache.catalina.core.StandardService   : Starting service [Tomcat]
2025-02-26T16:37:31.356+05:30  INFO 21344 --- [cg-EmployeePayrollApp] [main] o.apache.catalina.core.StandardEngine    : Starting Servlet engine: [Apache Tomcat/10.1.36]
2025-02-26T16:37:31.446+05:30  INFO 21344 --- [cg-EmployeePayrollApp] [main] o.a.c.c.C.[Tomcat].[localhost].[/]       : Initializing Spring embedded WebApplicationContext
2025-02-26T16:37:31.447+05:30  INFO 21344 --- [cg-EmployeePayrollApp] [main] w.s.c.ServletWebServerApplicationContext : Root WebApplicationContext: initialization completed in 2083 ms
2025-02-26T16:37:31.679+05:30  INFO 21344 --- [cg-EmployeePayrollApp] [main] o.hibernate.jpa.internal.util.LogHelper  : HHH000204: Processing PersistenceUnitInfo [name: default]
2025-02-26T16:37:31.768+05:30  INFO 21344 --- [cg-EmployeePayrollApp] [main] org.hibernate.Version                    : HHH000412: Hibernate ORM core version 6.6.8.Final
2025-02-26T16:37:31.819+05:30  INFO 21344 --- [cg-EmployeePayrollApp] [main] o.h.c.internal.RegionFactoryInitiator    : HHH000026: Second-level cache disabled
2025-02-26T16:37:32.234+05:30  INFO 21344 --- [cg-EmployeePayrollApp] [main] o.s.o.j.p.SpringPersistenceUnitInfo      : No LoadTimeWeaver setup: ignoring JPA class transformer
2025-02-26T16:37:32.273+05:30  INFO 21344 --- [cg-EmployeePayrollApp] [main] com.zaxxer.hikari.HikariDataSource       : HikariPool-1 - Starting...
2025-02-26T16:37:32.872+05:30  INFO 21344 --- [cg-EmployeePayrollApp] [main] com.zaxxer.hikari.pool.HikariPool        : HikariPool-1 - Added connection com.mysql.cj.jdbc.ConnectionImpl@7d626f2
2025-02-26T16:37:32.875+05:30  INFO 21344 --- [cg-EmployeePayrollApp] [main] com.zaxxer.hikari.HikariDataSource       : HikariPool-1 - Start completed.
2025-02-26T16:37:32.965+05:30  WARN 21344 --- [cg-EmployeePayrollApp] [main] org.hibernate.orm.deprecation            : HHH90000025: MySQL8Dialect does not need to be specified explicitly using 'hibernate.dialect' (remove the property setting and it will be selected by default)
2025-02-26T16:37:32.966+05:30  WARN 21344 --- [cg-EmployeePayrollApp] [main] org.hibernate.orm.deprecation            : HHH90000026: MySQL8Dialect has been deprecated; use org.hibernate.dialect.MySQLDialect instead
2025-02-26T16:37:32.995+05:30  INFO 21344 --- [cg-EmployeePayrollApp] [main] org.hibernate.orm.connections.pooling    : HHH10001005: Database info:
	Database JDBC URL [Connecting through datasource 'HikariDataSource (HikariPool-1)']
	Database driver: undefined/unknown
	Database version: 8.0
	Autocommit mode: undefined/unknown
	Isolation level: undefined/unknown
	Minimum pool size: undefined/unknown
	Maximum pool size: undefined/unknown
2025-02-26T16:37:34.261+05:30  INFO 21344 --- [cg-EmployeePayrollApp] [main] o.h.e.t.j.p.i.JtaPlatformInitiator       : HHH000489: No JTA platform available (set 'hibernate.transaction.jta.platform' to enable JTA platform integration)
2025-02-26T16:37:34.406+05:30  INFO 21344 --- [cg-EmployeePayrollApp] [main] j.LocalContainerEntityManagerFactoryBean : Initialized JPA EntityManagerFactory for persistence unit 'default'
2025-02-26T16:37:34.819+05:30  WARN 21344 --- [cg-EmployeePayrollApp] [main] JpaBaseConfiguration$JpaWebConfiguration : spring.jpa.open-in-view is enabled by default. Therefore, database queries may be performed during view rendering. Explicitly configure spring.jpa.open-in-view to disable this warning
2025-02-26T16:37:35.453+05:30  INFO 21344 --- [cg-EmployeePayrollApp] [main] o.s.b.w.embedded.tomcat.TomcatWebServer  : Tomcat started on port 8080 (http) with context path '/'
2025-02-26T16:37:35.463+05:30  INFO 21344 --- [cg-EmployeePayrollApp] [main] c.b.k.c.CgEmployeePayrollAppApplication  : Started CgEmployeePayrollAppApplication in 7.335 seconds (process running for 8.345)
2025-02-26T16:52:55.943+05:30  INFO 20372 --- [cg-EmployeePayrollApp] [main] c.b.k.c.CgEmployeePayrollAppApplication  : Starting CgEmployeePayrollAppApplication using Java 23.0.2 with PID 20372 (D:\cg-EmployeePayrollApp\target\classes started by hp in D:\cg-EmployeePayrollApp)
2025-02-26T16:52:55.951+05:30  INFO 20372 --- [cg-EmployeePayrollApp] [main] c.b.k.c.CgEmployeePayrollAppApplication  : No active profile set, falling back to 1 default profile: "default"
2025-02-26T16:52:58.363+05:30  INFO 20372 --- [cg-EmployeePayrollApp] [main] .s.d.r.c.RepositoryConfigurationDelegate : Bootstrapping Spring Data JPA repositories in DEFAULT mode.
2025-02-26T16:52:58.485+05:30  INFO 20372 --- [cg-EmployeePayrollApp] [main] .s.d.r.c.RepositoryConfigurationDelegate : Finished Spring Data repository scanning in 102 ms. Found 1 JPA repository interface.
2025-02-26T16:52:59.396+05:30  INFO 20372 --- [cg-EmployeePayrollApp] [main] o.s.b.w.embedded.tomcat.TomcatWebServer  : Tomcat initialized with port 8080 (http)
2025-02-26T16:52:59.433+05:30  INFO 20372 --- [cg-EmployeePayrollApp] [main] o.apache.catalina.core.StandardService   : Starting service [Tomcat]
2025-02-26T16:52:59.434+05:30  INFO 20372 --- [cg-EmployeePayrollApp] [main] o.apache.catalina.core.StandardEngine    : Starting Servlet engine: [Apache Tomcat/10.1.36]
2025-02-26T16:52:59.560+05:30  INFO 20372 --- [cg-EmployeePayrollApp] [main] o.a.c.c.C.[Tomcat].[localhost].[/]       : Initializing Spring embedded WebApplicationContext
2025-02-26T16:52:59.560+05:30  INFO 20372 --- [cg-EmployeePayrollApp] [main] w.s.c.ServletWebServerApplicationContext : Root WebApplicationContext: initialization completed in 3435 ms
2025-02-26T16:52:59.970+05:30  INFO 20372 --- [cg-EmployeePayrollApp] [main] o.hibernate.jpa.internal.util.LogHelper  : HHH000204: Processing PersistenceUnitInfo [name: default]
2025-02-26T16:53:00.116+05:30  INFO 20372 --- [cg-EmployeePayrollApp] [main] org.hibernate.Version                    : HHH000412: Hibernate ORM core version 6.6.8.Final
2025-02-26T16:53:00.201+05:30  INFO 20372 --- [cg-EmployeePayrollApp] [main] o.h.c.internal.RegionFactoryInitiator    : HHH000026: Second-level cache disabled
2025-02-26T16:53:00.937+05:30  INFO 20372 --- [cg-EmployeePayrollApp] [main] o.s.o.j.p.SpringPersistenceUnitInfo      : No LoadTimeWeaver setup: ignoring JPA class transformer
2025-02-26T16:53:01.024+05:30  INFO 20372 --- [cg-EmployeePayrollApp] [main] com.zaxxer.hikari.HikariDataSource       : HikariPool-1 - Starting...
2025-02-26T16:53:02.168+05:30  INFO 20372 --- [cg-EmployeePayrollApp] [main] com.zaxxer.hikari.pool.HikariPool        : HikariPool-1 - Added connection com.mysql.cj.jdbc.ConnectionImpl@5ab5924c
2025-02-26T16:53:02.173+05:30  INFO 20372 --- [cg-EmployeePayrollApp] [main] com.zaxxer.hikari.HikariDataSource       : HikariPool-1 - Start completed.
2025-02-26T16:53:02.323+05:30  WARN 20372 --- [cg-EmployeePayrollApp] [main] org.hibernate.orm.deprecation            : HHH90000025: MySQL8Dialect does not need to be specified explicitly using 'hibernate.dialect' (remove the property setting and it will be selected by default)
2025-02-26T16:53:02.325+05:30  WARN 20372 --- [cg-EmployeePayrollApp] [main] org.hibernate.orm.deprecation            : HHH90000026: MySQL8Dialect has been deprecated; use org.hibernate.dialect.MySQLDialect instead
2025-02-26T16:53:02.368+05:30  INFO 20372 --- [cg-EmployeePayrollApp] [main] org.hibernate.orm.connections.pooling    : HHH10001005: Database info:
	Database JDBC URL [Connecting through datasource 'HikariDataSource (HikariPool-1)']
	Database driver: undefined/unknown
	Database version: 8.0
	Autocommit mode: undefined/unknown
	Isolation level: undefined/unknown
	Minimum pool size: undefined/unknown
	Maximum pool size: undefined/unknown
2025-02-26T16:53:04.470+05:30  INFO 20372 --- [cg-EmployeePayrollApp] [main] o.h.e.t.j.p.i.JtaPlatformInitiator       : HHH000489: No JTA platform available (set 'hibernate.transaction.jta.platform' to enable JTA platform integration)
2025-02-26T16:53:04.645+05:30  INFO 20372 --- [cg-EmployeePayrollApp] [main] j.LocalContainerEntityManagerFactoryBean : Initialized JPA EntityManagerFactory for persistence unit 'default'
2025-02-26T16:53:05.155+05:30  WARN 20372 --- [cg-EmployeePayrollApp] [main] JpaBaseConfiguration$JpaWebConfiguration : spring.jpa.open-in-view is enabled by default. Therefore, database queries may be performed during view rendering. Explicitly configure spring.jpa.open-in-view to disable this warning
2025-02-26T16:53:05.905+05:30  INFO 20372 --- [cg-EmployeePayrollApp] [main] o.s.b.w.embedded.tomcat.TomcatWebServer  : Tomcat started on port 8080 (http) with context path '/'
2025-02-26T16:53:05.919+05:30  INFO 20372 --- [cg-EmployeePayrollApp] [main] c.b.k.c.CgEmployeePayrollAppApplication  : Started CgEmployeePayrollAppApplication in 11.836 seconds (process running for 13.58)
2025-02-26T16:53:54.969+05:30  INFO 20372 --- [cg-EmployeePayrollApp] [http-nio-8080-exec-2] o.a.c.c.C.[Tomcat].[localhost].[/]       : Initializing Spring DispatcherServlet 'dispatcherServlet'
2025-02-26T16:53:54.970+05:30  INFO 20372 --- [cg-EmployeePayrollApp] [http-nio-8080-exec-2] o.s.web.servlet.DispatcherServlet        : Initializing Servlet 'dispatcherServlet'
2025-02-26T16:53:54.974+05:30  INFO 20372 --- [cg-EmployeePayrollApp] [http-nio-8080-exec-2] o.s.web.servlet.DispatcherServlet        : Completed initialization in 4 ms
2025-02-26T16:53:55.185+05:30  INFO 20372 --- [cg-EmployeePayrollApp] [http-nio-8080-exec-2] c.b.k.c.c.EmployeeRestController         : Add employee
2025-02-26T16:54:24.285+05:30  INFO 20372 --- [cg-EmployeePayrollApp] [http-nio-8080-exec-3] c.b.k.c.c.EmployeeRestController         : Add employee
2025-02-26T16:55:43.164+05:30  INFO 20372 --- [cg-EmployeePayrollApp] [SpringApplicationShutdownHook] o.s.b.w.e.tomcat.GracefulShutdown        : Commencing graceful shutdown. Waiting for active requests to complete
2025-02-26T16:55:43.186+05:30  INFO 20372 --- [cg-EmployeePayrollApp] [tomcat-shutdown] o.s.b.w.e.tomcat.GracefulShutdown        : Graceful shutdown complete
2025-02-26T16:55:43.193+05:30  INFO 20372 --- [cg-EmployeePayrollApp] [SpringApplicationShutdownHook] j.LocalContainerEntityManagerFactoryBean : Closing JPA EntityManagerFactory for persistence unit 'default'
2025-02-26T16:55:43.198+05:30  INFO 20372 --- [cg-EmployeePayrollApp] [SpringApplicationShutdownHook] com.zaxxer.hikari.HikariDataSource       : HikariPool-1 - Shutdown initiated...
2025-02-26T16:55:43.212+05:30  INFO 20372 --- [cg-EmployeePayrollApp] [SpringApplicationShutdownHook] com.zaxxer.hikari.HikariDataSource       : HikariPool-1 - Shutdown completed.
2025-02-26T21:39:50.824+05:30  INFO 4504 --- [cg-EmployeePayrollApp] [main] c.b.k.c.CgEmployeePayrollAppApplication  : Starting CgEmployeePayrollAppApplication using Java 23.0.2 with PID 4504 (D:\cg-EmployeePayrollApp\target\classes started by hp in D:\cg-EmployeePayrollApp)
2025-02-26T21:39:50.831+05:30  INFO 4504 --- [cg-EmployeePayrollApp] [main] c.b.k.c.CgEmployeePayrollAppApplication  : No active profile set, falling back to 1 default profile: "default"
2025-02-26T21:39:52.745+05:30  INFO 4504 --- [cg-EmployeePayrollApp] [main] .s.d.r.c.RepositoryConfigurationDelegate : Bootstrapping Spring Data JPA repositories in DEFAULT mode.
2025-02-26T21:39:53.055+05:30  INFO 4504 --- [cg-EmployeePayrollApp] [main] .s.d.r.c.RepositoryConfigurationDelegate : Finished Spring Data repository scanning in 289 ms. Found 1 JPA repository interface.
2025-02-26T21:39:54.586+05:30  INFO 4504 --- [cg-EmployeePayrollApp] [main] o.s.b.w.embedded.tomcat.TomcatWebServer  : Tomcat initialized with port 8080 (http)
2025-02-26T21:39:54.608+05:30  INFO 4504 --- [cg-EmployeePayrollApp] [main] o.apache.catalina.core.StandardService   : Starting service [Tomcat]
2025-02-26T21:39:54.608+05:30  INFO 4504 --- [cg-EmployeePayrollApp] [main] o.apache.catalina.core.StandardEngine    : Starting Servlet engine: [Apache Tomcat/10.1.36]
2025-02-26T21:39:54.701+05:30  INFO 4504 --- [cg-EmployeePayrollApp] [main] o.a.c.c.C.[Tomcat].[localhost].[/]       : Initializing Spring embedded WebApplicationContext
2025-02-26T21:39:54.703+05:30  INFO 4504 --- [cg-EmployeePayrollApp] [main] w.s.c.ServletWebServerApplicationContext : Root WebApplicationContext: initialization completed in 3674 ms
2025-02-26T21:39:54.932+05:30  INFO 4504 --- [cg-EmployeePayrollApp] [main] o.hibernate.jpa.internal.util.LogHelper  : HHH000204: Processing PersistenceUnitInfo [name: default]
2025-02-26T21:39:55.035+05:30  INFO 4504 --- [cg-EmployeePayrollApp] [main] org.hibernate.Version                    : HHH000412: Hibernate ORM core version 6.6.8.Final
2025-02-26T21:39:55.104+05:30  INFO 4504 --- [cg-EmployeePayrollApp] [main] o.h.c.internal.RegionFactoryInitiator    : HHH000026: Second-level cache disabled
2025-02-26T21:39:55.748+05:30  INFO 4504 --- [cg-EmployeePayrollApp] [main] o.s.o.j.p.SpringPersistenceUnitInfo      : No LoadTimeWeaver setup: ignoring JPA class transformer
2025-02-26T21:39:55.830+05:30  INFO 4504 --- [cg-EmployeePayrollApp] [main] com.zaxxer.hikari.HikariDataSource       : HikariPool-1 - Starting...
2025-02-26T21:39:57.126+05:30  INFO 4504 --- [cg-EmployeePayrollApp] [main] com.zaxxer.hikari.pool.HikariPool        : HikariPool-1 - Added connection com.mysql.cj.jdbc.ConnectionImpl@704c3bdf
2025-02-26T21:39:57.133+05:30  INFO 4504 --- [cg-EmployeePayrollApp] [main] com.zaxxer.hikari.HikariDataSource       : HikariPool-1 - Start completed.
2025-02-26T21:39:57.401+05:30  WARN 4504 --- [cg-EmployeePayrollApp] [main] org.hibernate.orm.deprecation            : HHH90000025: MySQL8Dialect does not need to be specified explicitly using 'hibernate.dialect' (remove the property setting and it will be selected by default)
2025-02-26T21:39:57.404+05:30  WARN 4504 --- [cg-EmployeePayrollApp] [main] org.hibernate.orm.deprecation            : HHH90000026: MySQL8Dialect has been deprecated; use org.hibernate.dialect.MySQLDialect instead
2025-02-26T21:39:57.473+05:30  INFO 4504 --- [cg-EmployeePayrollApp] [main] org.hibernate.orm.connections.pooling    : HHH10001005: Database info:
	Database JDBC URL [Connecting through datasource 'HikariDataSource (HikariPool-1)']
	Database driver: undefined/unknown
	Database version: 8.0
	Autocommit mode: undefined/unknown
	Isolation level: undefined/unknown
	Minimum pool size: undefined/unknown
	Maximum pool size: undefined/unknown
2025-02-26T21:40:01.262+05:30  INFO 4504 --- [cg-EmployeePayrollApp] [main] o.h.e.t.j.p.i.JtaPlatformInitiator       : HHH000489: No JTA platform available (set 'hibernate.transaction.jta.platform' to enable JTA platform integration)
2025-02-26T21:40:01.492+05:30  INFO 4504 --- [cg-EmployeePayrollApp] [main] j.LocalContainerEntityManagerFactoryBean : Initialized JPA EntityManagerFactory for persistence unit 'default'
2025-02-26T21:40:02.211+05:30  WARN 4504 --- [cg-EmployeePayrollApp] [main] JpaBaseConfiguration$JpaWebConfiguration : spring.jpa.open-in-view is enabled by default. Therefore, database queries may be performed during view rendering. Explicitly configure spring.jpa.open-in-view to disable this warning
2025-02-26T21:40:03.261+05:30  INFO 4504 --- [cg-EmployeePayrollApp] [main] o.s.b.w.embedded.tomcat.TomcatWebServer  : Tomcat started on port 8080 (http) with context path '/'
2025-02-26T21:40:03.283+05:30  INFO 4504 --- [cg-EmployeePayrollApp] [main] c.b.k.c.CgEmployeePayrollAppApplication  : Started CgEmployeePayrollAppApplication in 13.633 seconds (process running for 15.04)
2025-02-26T21:40:34.195+05:30  INFO 4504 --- [cg-EmployeePayrollApp] [http-nio-8080-exec-2] o.a.c.c.C.[Tomcat].[localhost].[/]       : Initializing Spring DispatcherServlet 'dispatcherServlet'
2025-02-26T21:40:34.196+05:30  INFO 4504 --- [cg-EmployeePayrollApp] [http-nio-8080-exec-2] o.s.web.servlet.DispatcherServlet        : Initializing Servlet 'dispatcherServlet'
2025-02-26T21:40:34.199+05:30  INFO 4504 --- [cg-EmployeePayrollApp] [http-nio-8080-exec-2] o.s.web.servlet.DispatcherServlet        : Completed initialization in 2 ms
2025-02-26T21:40:34.247+05:30  INFO 4504 --- [cg-EmployeePayrollApp] [http-nio-8080-exec-2] c.b.k.c.c.EmployeeRestController         : Get employee list
2025-02-26T21:40:56.914+05:30  WARN 4504 --- [cg-EmployeePayrollApp] [http-nio-8080-exec-3] .w.s.m.s.DefaultHandlerExceptionResolver : Resolved [org.springframework.web.HttpRequestMethodNotSupportedException: Request method 'POST' is not supported]
2025-02-26T21:41:06.948+05:30  INFO 4504 --- [cg-EmployeePayrollApp] [http-nio-8080-exec-4] c.b.k.c.c.EmployeeRestController         : Add employee
2025-02-26T21:41:40.736+05:30  INFO 4504 --- [cg-EmployeePayrollApp] [http-nio-8080-exec-5] c.b.k.c.c.EmployeeRestController         : Add employee
2025-02-26T21:45:12.102+05:30  INFO 4504 --- [cg-EmployeePayrollApp] [SpringApplicationShutdownHook] o.s.b.w.e.tomcat.GracefulShutdown        : Commencing graceful shutdown. Waiting for active requests to complete
2025-02-26T21:45:12.120+05:30  INFO 4504 --- [cg-EmployeePayrollApp] [tomcat-shutdown] o.s.b.w.e.tomcat.GracefulShutdown        : Graceful shutdown complete
2025-02-26T21:45:12.130+05:30  INFO 4504 --- [cg-EmployeePayrollApp] [SpringApplicationShutdownHook] j.LocalContainerEntityManagerFactoryBean : Closing JPA EntityManagerFactory for persistence unit 'default'
2025-02-26T21:45:12.135+05:30  INFO 4504 --- [cg-EmployeePayrollApp] [SpringApplicationShutdownHook] com.zaxxer.hikari.HikariDataSource       : HikariPool-1 - Shutdown initiated...
2025-02-26T21:45:12.155+05:30  INFO 4504 --- [cg-EmployeePayrollApp] [SpringApplicationShutdownHook] com.zaxxer.hikari.HikariDataSource       : HikariPool-1 - Shutdown completed.
2025-02-26T21:45:20.565+05:30  INFO 15056 --- [cg-EmployeePayrollApp] [main] c.b.k.c.CgEmployeePayrollAppApplication  : Starting CgEmployeePayrollAppApplication using Java 23.0.2 with PID 15056 (D:\cg-EmployeePayrollApp\target\classes started by hp in D:\cg-EmployeePayrollApp)
2025-02-26T21:45:20.569+05:30  INFO 15056 --- [cg-EmployeePayrollApp] [main] c.b.k.c.CgEmployeePayrollAppApplication  : No active profile set, falling back to 1 default profile: "default"
2025-02-26T21:45:22.130+05:30  INFO 15056 --- [cg-EmployeePayrollApp] [main] .s.d.r.c.RepositoryConfigurationDelegate : Bootstrapping Spring Data JPA repositories in DEFAULT mode.
2025-02-26T21:45:22.256+05:30  INFO 15056 --- [cg-EmployeePayrollApp] [main] .s.d.r.c.RepositoryConfigurationDelegate : Finished Spring Data repository scanning in 99 ms. Found 1 JPA repository interface.
2025-02-26T21:45:23.039+05:30  INFO 15056 --- [cg-EmployeePayrollApp] [main] o.s.b.w.embedded.tomcat.TomcatWebServer  : Tomcat initialized with port 8080 (http)
2025-02-26T21:45:23.060+05:30  INFO 15056 --- [cg-EmployeePayrollApp] [main] o.apache.catalina.core.StandardService   : Starting service [Tomcat]
2025-02-26T21:45:23.062+05:30  INFO 15056 --- [cg-EmployeePayrollApp] [main] o.apache.catalina.core.StandardEngine    : Starting Servlet engine: [Apache Tomcat/10.1.36]
2025-02-26T21:45:23.134+05:30  INFO 15056 --- [cg-EmployeePayrollApp] [main] o.a.c.c.C.[Tomcat].[localhost].[/]       : Initializing Spring embedded WebApplicationContext
2025-02-26T21:45:23.135+05:30  INFO 15056 --- [cg-EmployeePayrollApp] [main] w.s.c.ServletWebServerApplicationContext : Root WebApplicationContext: initialization completed in 2448 ms
2025-02-26T21:45:23.411+05:30  INFO 15056 --- [cg-EmployeePayrollApp] [main] o.hibernate.jpa.internal.util.LogHelper  : HHH000204: Processing PersistenceUnitInfo [name: default]
2025-02-26T21:45:23.523+05:30  INFO 15056 --- [cg-EmployeePayrollApp] [main] org.hibernate.Version                    : HHH000412: Hibernate ORM core version 6.6.8.Final
2025-02-26T21:45:23.582+05:30  INFO 15056 --- [cg-EmployeePayrollApp] [main] o.h.c.internal.RegionFactoryInitiator    : HHH000026: Second-level cache disabled
2025-02-26T21:45:24.053+05:30  INFO 15056 --- [cg-EmployeePayrollApp] [main] o.s.o.j.p.SpringPersistenceUnitInfo      : No LoadTimeWeaver setup: ignoring JPA class transformer
2025-02-26T21:45:24.102+05:30  INFO 15056 --- [cg-EmployeePayrollApp] [main] com.zaxxer.hikari.HikariDataSource       : HikariPool-1 - Starting...
2025-02-26T21:45:24.814+05:30  INFO 15056 --- [cg-EmployeePayrollApp] [main] com.zaxxer.hikari.pool.HikariPool        : HikariPool-1 - Added connection com.mysql.cj.jdbc.ConnectionImpl@7a0f06ad
2025-02-26T21:45:24.816+05:30  INFO 15056 --- [cg-EmployeePayrollApp] [main] com.zaxxer.hikari.HikariDataSource       : HikariPool-1 - Start completed.
2025-02-26T21:45:24.908+05:30  WARN 15056 --- [cg-EmployeePayrollApp] [main] org.hibernate.orm.deprecation            : HHH90000025: MySQL8Dialect does not need to be specified explicitly using 'hibernate.dialect' (remove the property setting and it will be selected by default)
2025-02-26T21:45:24.910+05:30  WARN 15056 --- [cg-EmployeePayrollApp] [main] org.hibernate.orm.deprecation            : HHH90000026: MySQL8Dialect has been deprecated; use org.hibernate.dialect.MySQLDialect instead
2025-02-26T21:45:24.944+05:30  INFO 15056 --- [cg-EmployeePayrollApp] [main] org.hibernate.orm.connections.pooling    : HHH10001005: Database info:
	Database JDBC URL [Connecting through datasource 'HikariDataSource (HikariPool-1)']
	Database driver: undefined/unknown
	Database version: 8.0
	Autocommit mode: undefined/unknown
	Isolation level: undefined/unknown
	Minimum pool size: undefined/unknown
	Maximum pool size: undefined/unknown
2025-02-26T21:45:26.374+05:30  INFO 15056 --- [cg-EmployeePayrollApp] [main] o.h.e.t.j.p.i.JtaPlatformInitiator       : HHH000489: No JTA platform available (set 'hibernate.transaction.jta.platform' to enable JTA platform integration)
2025-02-26T21:45:26.500+05:30  INFO 15056 --- [cg-EmployeePayrollApp] [main] j.LocalContainerEntityManagerFactoryBean : Initialized JPA EntityManagerFactory for persistence unit 'default'
2025-02-26T21:45:26.901+05:30  WARN 15056 --- [cg-EmployeePayrollApp] [main] JpaBaseConfiguration$JpaWebConfiguration : spring.jpa.open-in-view is enabled by default. Therefore, database queries may be performed during view rendering. Explicitly configure spring.jpa.open-in-view to disable this warning
2025-02-26T21:45:27.469+05:30  INFO 15056 --- [cg-EmployeePayrollApp] [main] o.s.b.w.embedded.tomcat.TomcatWebServer  : Tomcat started on port 8080 (http) with context path '/'
2025-02-26T21:45:27.480+05:30  INFO 15056 --- [cg-EmployeePayrollApp] [main] c.b.k.c.CgEmployeePayrollAppApplication  : Started CgEmployeePayrollAppApplication in 7.937 seconds (process running for 9.924)
2025-02-26T21:45:42.021+05:30  INFO 15056 --- [cg-EmployeePayrollApp] [http-nio-8080-exec-5] o.a.c.c.C.[Tomcat].[localhost].[/]       : Initializing Spring DispatcherServlet 'dispatcherServlet'
2025-02-26T21:45:42.021+05:30  INFO 15056 --- [cg-EmployeePayrollApp] [http-nio-8080-exec-5] o.s.web.servlet.DispatcherServlet        : Initializing Servlet 'dispatcherServlet'
2025-02-26T21:45:42.022+05:30  INFO 15056 --- [cg-EmployeePayrollApp] [http-nio-8080-exec-5] o.s.web.servlet.DispatcherServlet        : Completed initialization in 1 ms
2025-02-26T21:45:42.212+05:30  WARN 15056 --- [cg-EmployeePayrollApp] [http-nio-8080-exec-5] .w.s.m.s.DefaultHandlerExceptionResolver : Resolved [org.springframework.web.bind.MethodArgumentNotValidException: Validation failed for argument [0] in public com.bridgelabz.kanak.cgemployeepayrollapp.dto.Employee com.bridgelabz.kanak.cgemployeepayrollapp.controller.EmployeeRestController.addEmployee(com.bridgelabz.kanak.cgemployeepayrollapp.dto.Employee): [Field error in object 'employee' on field 'name': rejected value [1213]; codes [Pattern.employee.name,Pattern.name,Pattern.java.lang.String,Pattern]; arguments [org.springframework.context.support.DefaultMessageSourceResolvable: codes [employee.name,name]; arguments []; default message [name],[Ljakarta.validation.constraints.Pattern$Flag;@56ce3490,^[A-Za-z ]+$]; default message [Only alphabets and space allowed]] ]
2025-02-26T21:46:13.317+05:30  WARN 15056 --- [cg-EmployeePayrollApp] [http-nio-8080-exec-3] .w.s.m.s.DefaultHandlerExceptionResolver : Resolved [org.springframework.web.HttpRequestMethodNotSupportedException: Request method 'PUT' is not supported]
2025-02-26T21:46:53.891+05:30  WARN 15056 --- [cg-EmployeePayrollApp] [http-nio-8080-exec-2] .w.s.m.s.DefaultHandlerExceptionResolver : Resolved [org.springframework.web.bind.MethodArgumentNotValidException: Validation failed for argument [1] in public com.bridgelabz.kanak.cgemployeepayrollapp.dto.Employee com.bridgelabz.kanak.cgemployeepayrollapp.controller.EmployeeRestController.updateEmployee(java.lang.Long,com.bridgelabz.kanak.cgemployeepayrollapp.dto.Employee): [Field error in object 'employee' on field 'name': rejected value [1213]; codes [Pattern.employee.name,Pattern.name,Pattern.java.lang.String,Pattern]; arguments [org.springframework.context.support.DefaultMessageSourceResolvable: codes [employee.name,name]; arguments []; default message [name],[Ljakarta.validation.constraints.Pattern$Flag;@56ce3490,^[A-Za-z ]+$]; default message [Only alphabets and space allowed]] ]
